{"/Users/mickey/git/example_api/models/account_memory.js":{"path":"/Users/mickey/git/example_api/models/account_memory.js","s":{"1":1,"2":1,"3":1,"4":1,"5":1,"6":1,"7":1,"8":1,"9":1,"10":1,"11":6,"12":4,"13":4,"14":4,"15":4,"16":2,"17":4,"18":4,"19":6,"20":14,"21":14,"22":14,"23":9,"24":14,"25":6,"26":1},"b":{"1":[4,2],"2":[9,5],"3":[6,6,5]},"f":{"1":6,"2":4,"3":6,"4":14,"5":6},"fnMap":{"1":{"name":"(anonymous_1)","line":27,"loc":{"start":{"line":27,"column":12},"end":{"line":27,"column":26}}},"2":{"name":"(anonymous_2)","line":45,"loc":{"start":{"line":45,"column":19},"end":{"line":45,"column":31}}},"3":{"name":"(anonymous_3)","line":47,"loc":{"start":{"line":47,"column":41},"end":{"line":47,"column":55}}},"4":{"name":"(anonymous_4)","line":52,"loc":{"start":{"line":52,"column":18},"end":{"line":52,"column":30}}},"5":{"name":"(anonymous_5)","line":61,"loc":{"start":{"line":61,"column":19},"end":{"line":61,"column":34}}}},"statementMap":{"1":{"start":{"line":1,"column":0},"end":{"line":1,"column":34}},"2":{"start":{"line":2,"column":0},"end":{"line":2,"column":31}},"3":{"start":{"line":3,"column":0},"end":{"line":3,"column":26}},"4":{"start":{"line":5,"column":0},"end":{"line":5,"column":39}},"5":{"start":{"line":6,"column":0},"end":{"line":6,"column":43}},"6":{"start":{"line":7,"column":0},"end":{"line":7,"column":42}},"7":{"start":{"line":9,"column":0},"end":{"line":9,"column":17}},"8":{"start":{"line":10,"column":0},"end":{"line":10,"column":16}},"9":{"start":{"line":11,"column":0},"end":{"line":11,"column":29}},"10":{"start":{"line":25,"column":0},"end":{"line":70,"column":2}},"11":{"start":{"line":29,"column":8},"end":{"line":39,"column":9}},"12":{"start":{"line":30,"column":12},"end":{"line":35,"column":13}},"13":{"start":{"line":36,"column":12},"end":{"line":36,"column":32}},"14":{"start":{"line":37,"column":12},"end":{"line":37,"column":22}},"15":{"start":{"line":38,"column":12},"end":{"line":38,"column":61}},"16":{"start":{"line":41,"column":8},"end":{"line":41,"column":107}},"17":{"start":{"line":46,"column":8},"end":{"line":46,"column":55}},"18":{"start":{"line":47,"column":8},"end":{"line":49,"column":12}},"19":{"start":{"line":48,"column":12},"end":{"line":48,"column":43}},"20":{"start":{"line":53,"column":8},"end":{"line":53,"column":19}},"21":{"start":{"line":54,"column":8},"end":{"line":54,"column":52}},"22":{"start":{"line":55,"column":8},"end":{"line":57,"column":9}},"23":{"start":{"line":56,"column":12},"end":{"line":56,"column":46}},"24":{"start":{"line":58,"column":8},"end":{"line":58,"column":39}},"25":{"start":{"line":62,"column":8},"end":{"line":62,"column":52}},"26":{"start":{"line":79,"column":0},"end":{"line":113,"column":2}}},"branchMap":{"1":{"line":29,"type":"if","locations":[{"start":{"line":29,"column":8},"end":{"line":29,"column":8}},{"start":{"line":29,"column":8},"end":{"line":29,"column":8}}]},"2":{"line":55,"type":"if","locations":[{"start":{"line":55,"column":8},"end":{"line":55,"column":8}},{"start":{"line":55,"column":8},"end":{"line":55,"column":8}}]},"3":{"line":62,"type":"binary-expr","locations":[{"start":{"line":62,"column":15},"end":{"line":62,"column":20}},{"start":{"line":62,"column":24},"end":{"line":62,"column":34}},{"start":{"line":62,"column":38},"end":{"line":62,"column":51}}]}}},"/Users/mickey/git/example_api/libs/logger.js":{"path":"/Users/mickey/git/example_api/libs/logger.js","s":{"1":1,"2":1,"3":26,"4":1,"5":1,"6":19,"7":1,"8":1},"b":{},"f":{"1":26,"2":19},"fnMap":{"1":{"name":"(anonymous_1)","line":5,"loc":{"start":{"line":5,"column":15},"end":{"line":5,"column":26}}},"2":{"name":"(anonymous_2)","line":20,"loc":{"start":{"line":20,"column":11},"end":{"line":20,"column":38}}}},"statementMap":{"1":{"start":{"line":1,"column":0},"end":{"line":1,"column":33}},"2":{"start":{"line":3,"column":0},"end":{"line":11,"column":3}},"3":{"start":{"line":6,"column":8},"end":{"line":6,"column":37}},"4":{"start":{"line":13,"column":0},"end":{"line":18,"column":3}},"5":{"start":{"line":19,"column":0},"end":{"line":23,"column":2}},"6":{"start":{"line":21,"column":8},"end":{"line":21,"column":30}},"7":{"start":{"line":25,"column":0},"end":{"line":25,"column":51}},"8":{"start":{"line":27,"column":0},"end":{"line":27,"column":24}}},"branchMap":{}},"/Users/mickey/git/example_api/models/account.js":{"path":"/Users/mickey/git/example_api/models/account.js","s":{"1":1,"2":1,"3":1,"4":1,"5":19,"6":0,"7":19,"8":4,"9":4,"10":19,"11":4,"12":19,"13":22,"14":19,"15":19,"16":76,"17":22,"18":4,"19":19,"20":11,"21":11,"22":11,"23":19,"24":0,"25":0,"26":1},"b":{"1":[0,19]},"f":{"1":19,"2":4,"3":4,"4":4,"5":22,"6":76,"7":22,"8":4,"9":11,"10":0},"fnMap":{"1":{"name":"Account","line":22,"loc":{"start":{"line":22,"column":0},"end":{"line":22,"column":26}}},"2":{"name":"(anonymous_2)","line":29,"loc":{"start":{"line":29,"column":16},"end":{"line":29,"column":27}}},"3":{"name":"(anonymous_3)","line":30,"loc":{"start":{"line":30,"column":35},"end":{"line":30,"column":46}}},"4":{"name":"(anonymous_4)","line":36,"loc":{"start":{"line":36,"column":15},"end":{"line":36,"column":35}}},"5":{"name":"(anonymous_5)","line":39,"loc":{"start":{"line":39,"column":15},"end":{"line":39,"column":30}}},"6":{"name":"(anonymous_6)","line":45,"loc":{"start":{"line":45,"column":52},"end":{"line":45,"column":70}}},"7":{"name":"(anonymous_7)","line":47,"loc":{"start":{"line":47,"column":17},"end":{"line":47,"column":27}}},"8":{"name":"(anonymous_8)","line":50,"loc":{"start":{"line":50,"column":17},"end":{"line":50,"column":32}}},"9":{"name":"(anonymous_9)","line":56,"loc":{"start":{"line":56,"column":20},"end":{"line":56,"column":30}}},"10":{"name":"(anonymous_10)","line":62,"loc":{"start":{"line":62,"column":20},"end":{"line":62,"column":30}}}},"statementMap":{"1":{"start":{"line":1,"column":0},"end":{"line":1,"column":34}},"2":{"start":{"line":2,"column":0},"end":{"line":2,"column":26}},"3":{"start":{"line":4,"column":0},"end":{"line":4,"column":39}},"4":{"start":{"line":22,"column":0},"end":{"line":67,"column":1}},"5":{"start":{"line":24,"column":4},"end":{"line":26,"column":5}},"6":{"start":{"line":25,"column":8},"end":{"line":25,"column":86}},"7":{"start":{"line":29,"column":4},"end":{"line":33,"column":5}},"8":{"start":{"line":30,"column":8},"end":{"line":32,"column":22}},"9":{"start":{"line":31,"column":12},"end":{"line":31,"column":24}},"10":{"start":{"line":36,"column":4},"end":{"line":38,"column":6}},"11":{"start":{"line":37,"column":8},"end":{"line":37,"column":28}},"12":{"start":{"line":39,"column":4},"end":{"line":41,"column":6}},"13":{"start":{"line":40,"column":8},"end":{"line":40,"column":29}},"14":{"start":{"line":44,"column":4},"end":{"line":44,"column":20}},"15":{"start":{"line":45,"column":4},"end":{"line":54,"column":7}},"16":{"start":{"line":46,"column":8},"end":{"line":53,"column":11}},"17":{"start":{"line":48,"column":16},"end":{"line":48,"column":42}},"18":{"start":{"line":51,"column":16},"end":{"line":51,"column":41}},"19":{"start":{"line":56,"column":4},"end":{"line":60,"column":6}},"20":{"start":{"line":57,"column":8},"end":{"line":57,"column":36}},"21":{"start":{"line":58,"column":8},"end":{"line":58,"column":25}},"22":{"start":{"line":59,"column":8},"end":{"line":59,"column":20}},"23":{"start":{"line":62,"column":4},"end":{"line":65,"column":5}},"24":{"start":{"line":63,"column":8},"end":{"line":63,"column":34}},"25":{"start":{"line":64,"column":8},"end":{"line":64,"column":49}},"26":{"start":{"line":70,"column":0},"end":{"line":70,"column":25}}},"branchMap":{"1":{"line":24,"type":"if","locations":[{"start":{"line":24,"column":4},"end":{"line":24,"column":4}},{"start":{"line":24,"column":4},"end":{"line":24,"column":4}}]}}},"/Users/mickey/git/example_api/libs/mem_wrapper.js":{"path":"/Users/mickey/git/example_api/libs/mem_wrapper.js","s":{"1":1,"2":46,"3":4,"4":46},"b":{},"f":{"1":46,"2":4},"fnMap":{"1":{"name":"(anonymous_1)","line":1,"loc":{"start":{"line":1,"column":17},"end":{"line":1,"column":34}}},"2":{"name":"(anonymous_2)","line":2,"loc":{"start":{"line":2,"column":19},"end":{"line":2,"column":30}}}},"statementMap":{"1":{"start":{"line":1,"column":0},"end":{"line":6,"column":1}},"2":{"start":{"line":2,"column":4},"end":{"line":4,"column":5}},"3":{"start":{"line":3,"column":8},"end":{"line":3,"column":40}},"4":{"start":{"line":5,"column":4},"end":{"line":5,"column":19}}},"branchMap":{}},"/Users/mickey/git/example_api/models/customer_memory.js":{"path":"/Users/mickey/git/example_api/models/customer_memory.js","s":{"1":1,"2":1,"3":1,"4":1,"5":1,"6":1,"7":1,"8":4,"9":3,"10":3,"11":3,"12":1,"13":9,"14":9,"15":9,"16":6,"17":9,"18":4,"19":1},"b":{"1":[3,1],"2":[6,3],"3":[4,4]},"f":{"1":4,"2":9,"3":4},"fnMap":{"1":{"name":"(anonymous_1)","line":24,"loc":{"start":{"line":24,"column":12},"end":{"line":24,"column":26}}},"2":{"name":"(anonymous_2)","line":38,"loc":{"start":{"line":38,"column":14},"end":{"line":38,"column":26}}},"3":{"name":"(anonymous_3)","line":47,"loc":{"start":{"line":47,"column":19},"end":{"line":47,"column":34}}}},"statementMap":{"1":{"start":{"line":1,"column":0},"end":{"line":1,"column":34}},"2":{"start":{"line":2,"column":0},"end":{"line":2,"column":31}},"3":{"start":{"line":3,"column":0},"end":{"line":3,"column":26}},"4":{"start":{"line":5,"column":0},"end":{"line":5,"column":45}},"5":{"start":{"line":6,"column":0},"end":{"line":6,"column":42}},"6":{"start":{"line":8,"column":0},"end":{"line":8,"column":12}},"7":{"start":{"line":22,"column":0},"end":{"line":56,"column":2}},"8":{"start":{"line":26,"column":8},"end":{"line":33,"column":9}},"9":{"start":{"line":27,"column":12},"end":{"line":30,"column":13}},"10":{"start":{"line":31,"column":12},"end":{"line":31,"column":32}},"11":{"start":{"line":32,"column":12},"end":{"line":32,"column":62}},"12":{"start":{"line":35,"column":8},"end":{"line":35,"column":94}},"13":{"start":{"line":39,"column":8},"end":{"line":39,"column":19}},"14":{"start":{"line":40,"column":8},"end":{"line":40,"column":48}},"15":{"start":{"line":41,"column":8},"end":{"line":43,"column":9}},"16":{"start":{"line":42,"column":12},"end":{"line":42,"column":47}},"17":{"start":{"line":44,"column":8},"end":{"line":44,"column":39}},"18":{"start":{"line":48,"column":8},"end":{"line":48,"column":35}},"19":{"start":{"line":65,"column":0},"end":{"line":82,"column":2}}},"branchMap":{"1":{"line":26,"type":"if","locations":[{"start":{"line":26,"column":8},"end":{"line":26,"column":8}},{"start":{"line":26,"column":8},"end":{"line":26,"column":8}}]},"2":{"line":41,"type":"if","locations":[{"start":{"line":41,"column":8},"end":{"line":41,"column":8}},{"start":{"line":41,"column":8},"end":{"line":41,"column":8}}]},"3":{"line":48,"type":"binary-expr","locations":[{"start":{"line":48,"column":15},"end":{"line":48,"column":20}},{"start":{"line":48,"column":24},"end":{"line":48,"column":34}}]}}},"/Users/mickey/git/example_api/models/customer.js":{"path":"/Users/mickey/git/example_api/models/customer.js","s":{"1":1,"2":1,"3":1,"4":1,"5":15,"6":1,"7":14,"8":1,"9":1,"10":14,"11":6,"12":14,"13":17,"14":14,"15":14,"16":28,"17":15,"18":2,"19":14,"20":4,"21":4,"22":4,"23":14,"24":0,"25":0,"26":1},"b":{"1":[1,14]},"f":{"1":15,"2":1,"3":1,"4":6,"5":17,"6":28,"7":15,"8":2,"9":4,"10":0},"fnMap":{"1":{"name":"Customer","line":22,"loc":{"start":{"line":22,"column":0},"end":{"line":22,"column":27}}},"2":{"name":"(anonymous_2)","line":29,"loc":{"start":{"line":29,"column":16},"end":{"line":29,"column":27}}},"3":{"name":"(anonymous_3)","line":30,"loc":{"start":{"line":30,"column":35},"end":{"line":30,"column":46}}},"4":{"name":"(anonymous_4)","line":36,"loc":{"start":{"line":36,"column":15},"end":{"line":36,"column":35}}},"5":{"name":"(anonymous_5)","line":39,"loc":{"start":{"line":39,"column":15},"end":{"line":39,"column":30}}},"6":{"name":"(anonymous_6)","line":45,"loc":{"start":{"line":45,"column":27},"end":{"line":45,"column":45}}},"7":{"name":"(anonymous_7)","line":47,"loc":{"start":{"line":47,"column":17},"end":{"line":47,"column":27}}},"8":{"name":"(anonymous_8)","line":50,"loc":{"start":{"line":50,"column":17},"end":{"line":50,"column":32}}},"9":{"name":"(anonymous_9)","line":56,"loc":{"start":{"line":56,"column":20},"end":{"line":56,"column":30}}},"10":{"name":"(anonymous_10)","line":62,"loc":{"start":{"line":62,"column":20},"end":{"line":62,"column":30}}}},"statementMap":{"1":{"start":{"line":1,"column":0},"end":{"line":1,"column":34}},"2":{"start":{"line":2,"column":0},"end":{"line":2,"column":26}},"3":{"start":{"line":4,"column":0},"end":{"line":4,"column":39}},"4":{"start":{"line":22,"column":0},"end":{"line":67,"column":1}},"5":{"start":{"line":24,"column":4},"end":{"line":26,"column":5}},"6":{"start":{"line":25,"column":8},"end":{"line":25,"column":87}},"7":{"start":{"line":29,"column":4},"end":{"line":33,"column":5}},"8":{"start":{"line":30,"column":8},"end":{"line":32,"column":22}},"9":{"start":{"line":31,"column":12},"end":{"line":31,"column":24}},"10":{"start":{"line":36,"column":4},"end":{"line":38,"column":6}},"11":{"start":{"line":37,"column":8},"end":{"line":37,"column":28}},"12":{"start":{"line":39,"column":4},"end":{"line":41,"column":6}},"13":{"start":{"line":40,"column":8},"end":{"line":40,"column":29}},"14":{"start":{"line":44,"column":4},"end":{"line":44,"column":20}},"15":{"start":{"line":45,"column":4},"end":{"line":54,"column":7}},"16":{"start":{"line":46,"column":8},"end":{"line":53,"column":11}},"17":{"start":{"line":48,"column":16},"end":{"line":48,"column":42}},"18":{"start":{"line":51,"column":16},"end":{"line":51,"column":41}},"19":{"start":{"line":56,"column":4},"end":{"line":60,"column":6}},"20":{"start":{"line":57,"column":8},"end":{"line":57,"column":36}},"21":{"start":{"line":58,"column":8},"end":{"line":58,"column":25}},"22":{"start":{"line":59,"column":8},"end":{"line":59,"column":20}},"23":{"start":{"line":62,"column":4},"end":{"line":65,"column":5}},"24":{"start":{"line":63,"column":8},"end":{"line":63,"column":34}},"25":{"start":{"line":64,"column":8},"end":{"line":64,"column":49}},"26":{"start":{"line":70,"column":0},"end":{"line":70,"column":26}}},"branchMap":{"1":{"line":24,"type":"if","locations":[{"start":{"line":24,"column":4},"end":{"line":24,"column":4}},{"start":{"line":24,"column":4},"end":{"line":24,"column":4}}]}}},"/Users/mickey/git/example_api/index.js":{"path":"/Users/mickey/git/example_api/index.js","s":{"1":1,"2":1,"3":1,"4":1,"5":1,"6":1,"7":1,"8":1,"9":1,"10":1,"11":1,"12":1,"13":1,"14":1,"15":1,"16":1,"17":1,"18":1,"19":1,"20":18,"21":1,"22":1,"23":1,"24":1,"25":1,"26":2,"27":2,"28":2,"29":0,"30":0,"31":1,"32":1,"33":0,"34":0,"35":0,"36":0,"37":0,"38":1},"b":{"1":[1,1],"2":[1,0],"3":[1,0],"4":[2,0],"5":[0,2],"6":[0,0,0],"7":[0,0],"8":[0,1],"9":[0,0]},"f":{"1":1,"2":1,"3":18,"4":2,"5":0},"fnMap":{"1":{"name":"(anonymous_1)","line":20,"loc":{"start":{"line":20,"column":23},"end":{"line":20,"column":48}}},"2":{"name":"(anonymous_2)","line":23,"loc":{"start":{"line":23,"column":48},"end":{"line":23,"column":69}}},"3":{"name":"(anonymous_3)","line":41,"loc":{"start":{"line":41,"column":27},"end":{"line":41,"column":81}}},"4":{"name":"(anonymous_4)","line":66,"loc":{"start":{"line":66,"column":16},"end":{"line":66,"column":46}}},"5":{"name":"(anonymous_5)","line":91,"loc":{"start":{"line":91,"column":14},"end":{"line":91,"column":27}}}},"statementMap":{"1":{"start":{"line":3,"column":0},"end":{"line":3,"column":30}},"2":{"start":{"line":4,"column":0},"end":{"line":4,"column":23}},"3":{"start":{"line":5,"column":0},"end":{"line":5,"column":33}},"4":{"start":{"line":6,"column":0},"end":{"line":6,"column":39}},"5":{"start":{"line":7,"column":0},"end":{"line":7,"column":40}},"6":{"start":{"line":9,"column":0},"end":{"line":9,"column":38}},"7":{"start":{"line":12,"column":0},"end":{"line":12,"column":43}},"8":{"start":{"line":14,"column":0},"end":{"line":14,"column":41}},"9":{"start":{"line":15,"column":0},"end":{"line":15,"column":25}},"10":{"start":{"line":17,"column":0},"end":{"line":17,"column":20}},"11":{"start":{"line":18,"column":0},"end":{"line":18,"column":72}},"12":{"start":{"line":20,"column":0},"end":{"line":88,"column":3}},"13":{"start":{"line":23,"column":4},"end":{"line":87,"column":7}},"14":{"start":{"line":26,"column":8},"end":{"line":26,"column":40}},"15":{"start":{"line":29,"column":8},"end":{"line":31,"column":9}},"16":{"start":{"line":30,"column":12},"end":{"line":30,"column":75}},"17":{"start":{"line":33,"column":8},"end":{"line":33,"column":49}},"18":{"start":{"line":36,"column":8},"end":{"line":36,"column":46}},"19":{"start":{"line":39,"column":8},"end":{"line":45,"column":11}},"20":{"start":{"line":42,"column":20},"end":{"line":42,"column":31}},"21":{"start":{"line":48,"column":8},"end":{"line":50,"column":12}},"22":{"start":{"line":53,"column":8},"end":{"line":55,"column":12}},"23":{"start":{"line":58,"column":8},"end":{"line":63,"column":9}},"24":{"start":{"line":59,"column":12},"end":{"line":62,"column":16}},"25":{"start":{"line":66,"column":8},"end":{"line":84,"column":11}},"26":{"start":{"line":69,"column":12},"end":{"line":83,"column":13}},"27":{"start":{"line":70,"column":16},"end":{"line":70,"column":32}},"28":{"start":{"line":71,"column":16},"end":{"line":75,"column":19}},"29":{"start":{"line":77,"column":16},"end":{"line":77,"column":58}},"30":{"start":{"line":78,"column":16},"end":{"line":82,"column":19}},"31":{"start":{"line":86,"column":8},"end":{"line":86,"column":21}},"32":{"start":{"line":90,"column":0},"end":{"line":97,"column":1}},"33":{"start":{"line":91,"column":4},"end":{"line":96,"column":7}},"34":{"start":{"line":92,"column":8},"end":{"line":92,"column":44}},"35":{"start":{"line":93,"column":8},"end":{"line":93,"column":58}},"36":{"start":{"line":94,"column":8},"end":{"line":94,"column":69}},"37":{"start":{"line":95,"column":8},"end":{"line":95,"column":25}},"38":{"start":{"line":99,"column":0},"end":{"line":99,"column":22}}},"branchMap":{"1":{"line":12,"type":"binary-expr","locations":[{"start":{"line":12,"column":18},"end":{"line":12,"column":33}},{"start":{"line":12,"column":37},"end":{"line":12,"column":42}}]},"2":{"line":29,"type":"if","locations":[{"start":{"line":29,"column":8},"end":{"line":29,"column":8}},{"start":{"line":29,"column":8},"end":{"line":29,"column":8}}]},"3":{"line":58,"type":"if","locations":[{"start":{"line":58,"column":8},"end":{"line":58,"column":8}},{"start":{"line":58,"column":8},"end":{"line":58,"column":8}}]},"4":{"line":69,"type":"if","locations":[{"start":{"line":69,"column":12},"end":{"line":69,"column":12}},{"start":{"line":69,"column":12},"end":{"line":69,"column":12}}]},"5":{"line":73,"type":"cond-expr","locations":[{"start":{"line":73,"column":56},"end":{"line":73,"column":67}},{"start":{"line":73,"column":70},"end":{"line":73,"column":89}}]},"6":{"line":77,"type":"binary-expr","locations":[{"start":{"line":77,"column":27},"end":{"line":77,"column":37}},{"start":{"line":77,"column":41},"end":{"line":77,"column":49}},{"start":{"line":77,"column":53},"end":{"line":77,"column":56}}]},"7":{"line":80,"type":"cond-expr","locations":[{"start":{"line":80,"column":56},"end":{"line":80,"column":67}},{"start":{"line":80,"column":70},"end":{"line":80,"column":89}}]},"8":{"line":90,"type":"if","locations":[{"start":{"line":90,"column":0},"end":{"line":90,"column":0}},{"start":{"line":90,"column":0},"end":{"line":90,"column":0}}]},"9":{"line":92,"type":"binary-expr","locations":[{"start":{"line":92,"column":19},"end":{"line":92,"column":35}},{"start":{"line":92,"column":39},"end":{"line":92,"column":43}}]}}},"/Users/mickey/git/example_api/models/transaction_memory.js":{"path":"/Users/mickey/git/example_api/models/transaction_memory.js","s":{"1":1,"2":1,"3":1,"4":1,"5":1,"6":1,"7":1,"8":8,"9":5,"10":5,"11":5,"12":3,"13":5,"14":46,"15":5,"16":11,"17":1,"18":1,"19":1,"20":1,"21":1,"22":1,"23":8,"24":1},"b":{"1":[5,3],"2":[46,40],"3":[8,8,7,6,2]},"f":{"1":8,"2":5,"3":46,"4":11,"5":1,"6":1,"7":1,"8":1,"9":8},"fnMap":{"1":{"name":"(anonymous_1)","line":24,"loc":{"start":{"line":24,"column":12},"end":{"line":24,"column":26}}},"2":{"name":"(anonymous_2)","line":40,"loc":{"start":{"line":40,"column":19},"end":{"line":40,"column":31}}},"3":{"name":"(anonymous_3)","line":41,"loc":{"start":{"line":41,"column":38},"end":{"line":41,"column":52}}},"4":{"name":"(anonymous_4)","line":44,"loc":{"start":{"line":44,"column":41},"end":{"line":44,"column":55}}},"5":{"name":"(anonymous_5)","line":49,"loc":{"start":{"line":49,"column":18},"end":{"line":49,"column":30}}},"6":{"name":"(anonymous_6)","line":51,"loc":{"start":{"line":51,"column":41},"end":{"line":51,"column":55}}},"7":{"name":"(anonymous_7)","line":56,"loc":{"start":{"line":56,"column":23},"end":{"line":56,"column":35}}},"8":{"name":"(anonymous_8)","line":58,"loc":{"start":{"line":58,"column":41},"end":{"line":58,"column":55}}},"9":{"name":"(anonymous_9)","line":63,"loc":{"start":{"line":63,"column":19},"end":{"line":63,"column":34}}}},"statementMap":{"1":{"start":{"line":1,"column":0},"end":{"line":1,"column":34}},"2":{"start":{"line":2,"column":0},"end":{"line":2,"column":31}},"3":{"start":{"line":3,"column":0},"end":{"line":3,"column":26}},"4":{"start":{"line":5,"column":0},"end":{"line":5,"column":51}},"5":{"start":{"line":6,"column":0},"end":{"line":6,"column":42}},"6":{"start":{"line":8,"column":0},"end":{"line":8,"column":17}},"7":{"start":{"line":22,"column":0},"end":{"line":72,"column":2}},"8":{"start":{"line":26,"column":8},"end":{"line":35,"column":9}},"9":{"start":{"line":27,"column":12},"end":{"line":32,"column":13}},"10":{"start":{"line":33,"column":12},"end":{"line":33,"column":32}},"11":{"start":{"line":34,"column":12},"end":{"line":34,"column":65}},"12":{"start":{"line":37,"column":8},"end":{"line":37,"column":108}},"13":{"start":{"line":41,"column":8},"end":{"line":43,"column":11}},"14":{"start":{"line":42,"column":12},"end":{"line":42,"column":64}},"15":{"start":{"line":44,"column":8},"end":{"line":46,"column":12}},"16":{"start":{"line":45,"column":12},"end":{"line":45,"column":47}},"17":{"start":{"line":50,"column":8},"end":{"line":50,"column":54}},"18":{"start":{"line":51,"column":8},"end":{"line":53,"column":12}},"19":{"start":{"line":52,"column":12},"end":{"line":52,"column":47}},"20":{"start":{"line":57,"column":8},"end":{"line":57,"column":59}},"21":{"start":{"line":58,"column":8},"end":{"line":60,"column":12}},"22":{"start":{"line":59,"column":12},"end":{"line":59,"column":47}},"23":{"start":{"line":64,"column":8},"end":{"line":64,"column":98}},"24":{"start":{"line":81,"column":0},"end":{"line":118,"column":2}}},"branchMap":{"1":{"line":26,"type":"if","locations":[{"start":{"line":26,"column":8},"end":{"line":26,"column":8}},{"start":{"line":26,"column":8},"end":{"line":26,"column":8}}]},"2":{"line":42,"type":"binary-expr","locations":[{"start":{"line":42,"column":19},"end":{"line":42,"column":37}},{"start":{"line":42,"column":41},"end":{"line":42,"column":64}}]},"3":{"line":64,"type":"binary-expr","locations":[{"start":{"line":64,"column":15},"end":{"line":64,"column":20}},{"start":{"line":64,"column":24},"end":{"line":64,"column":36}},{"start":{"line":64,"column":40},"end":{"line":64,"column":57}},{"start":{"line":64,"column":62},"end":{"line":64,"column":74}},{"start":{"line":64,"column":78},"end":{"line":64,"column":96}}]}}},"/Users/mickey/git/example_api/models/transaction.js":{"path":"/Users/mickey/git/example_api/models/transaction.js","s":{"1":1,"2":1,"3":1,"4":1,"5":24,"6":1,"7":23,"8":1,"9":1,"10":23,"11":10,"12":23,"13":29,"14":23,"15":23,"16":92,"17":27,"18":4,"19":23,"20":9,"21":9,"22":9,"23":23,"24":0,"25":0,"26":1},"b":{"1":[1,23]},"f":{"1":24,"2":1,"3":1,"4":10,"5":29,"6":92,"7":27,"8":4,"9":9,"10":0},"fnMap":{"1":{"name":"Transaction","line":22,"loc":{"start":{"line":22,"column":0},"end":{"line":22,"column":30}}},"2":{"name":"(anonymous_2)","line":29,"loc":{"start":{"line":29,"column":16},"end":{"line":29,"column":27}}},"3":{"name":"(anonymous_3)","line":30,"loc":{"start":{"line":30,"column":35},"end":{"line":30,"column":46}}},"4":{"name":"(anonymous_4)","line":36,"loc":{"start":{"line":36,"column":15},"end":{"line":36,"column":35}}},"5":{"name":"(anonymous_5)","line":39,"loc":{"start":{"line":39,"column":15},"end":{"line":39,"column":30}}},"6":{"name":"(anonymous_6)","line":45,"loc":{"start":{"line":45,"column":62},"end":{"line":45,"column":80}}},"7":{"name":"(anonymous_7)","line":47,"loc":{"start":{"line":47,"column":17},"end":{"line":47,"column":27}}},"8":{"name":"(anonymous_8)","line":50,"loc":{"start":{"line":50,"column":17},"end":{"line":50,"column":32}}},"9":{"name":"(anonymous_9)","line":56,"loc":{"start":{"line":56,"column":20},"end":{"line":56,"column":30}}},"10":{"name":"(anonymous_10)","line":62,"loc":{"start":{"line":62,"column":20},"end":{"line":62,"column":30}}}},"statementMap":{"1":{"start":{"line":1,"column":0},"end":{"line":1,"column":34}},"2":{"start":{"line":2,"column":0},"end":{"line":2,"column":26}},"3":{"start":{"line":4,"column":0},"end":{"line":4,"column":39}},"4":{"start":{"line":22,"column":0},"end":{"line":67,"column":1}},"5":{"start":{"line":24,"column":4},"end":{"line":26,"column":5}},"6":{"start":{"line":25,"column":8},"end":{"line":25,"column":90}},"7":{"start":{"line":29,"column":4},"end":{"line":33,"column":5}},"8":{"start":{"line":30,"column":8},"end":{"line":32,"column":22}},"9":{"start":{"line":31,"column":12},"end":{"line":31,"column":24}},"10":{"start":{"line":36,"column":4},"end":{"line":38,"column":6}},"11":{"start":{"line":37,"column":8},"end":{"line":37,"column":28}},"12":{"start":{"line":39,"column":4},"end":{"line":41,"column":6}},"13":{"start":{"line":40,"column":8},"end":{"line":40,"column":29}},"14":{"start":{"line":44,"column":4},"end":{"line":44,"column":20}},"15":{"start":{"line":45,"column":4},"end":{"line":54,"column":7}},"16":{"start":{"line":46,"column":8},"end":{"line":53,"column":11}},"17":{"start":{"line":48,"column":16},"end":{"line":48,"column":42}},"18":{"start":{"line":51,"column":16},"end":{"line":51,"column":41}},"19":{"start":{"line":56,"column":4},"end":{"line":60,"column":6}},"20":{"start":{"line":57,"column":8},"end":{"line":57,"column":36}},"21":{"start":{"line":58,"column":8},"end":{"line":58,"column":25}},"22":{"start":{"line":59,"column":8},"end":{"line":59,"column":20}},"23":{"start":{"line":62,"column":4},"end":{"line":65,"column":5}},"24":{"start":{"line":63,"column":8},"end":{"line":63,"column":34}},"25":{"start":{"line":64,"column":8},"end":{"line":64,"column":49}},"26":{"start":{"line":70,"column":0},"end":{"line":70,"column":29}}},"branchMap":{"1":{"line":24,"type":"if","locations":[{"start":{"line":24,"column":4},"end":{"line":24,"column":4}},{"start":{"line":24,"column":4},"end":{"line":24,"column":4}}]}}},"/Users/mickey/git/example_api/controllers/account.js":{"path":"/Users/mickey/git/example_api/controllers/account.js","s":{"1":1,"2":1,"3":1,"4":1,"5":1,"6":1,"7":3,"8":3,"9":3,"10":3,"11":2,"12":1,"13":2,"14":2,"15":2,"16":2,"17":2,"18":1,"19":1,"20":4,"21":4,"22":4,"23":3,"24":1,"25":1,"26":1,"27":3,"28":3,"29":3,"30":3,"31":3,"32":2,"33":2,"34":1,"35":2,"36":1,"37":1,"38":1,"39":1,"40":1,"41":1,"42":1,"43":1,"44":1,"45":1,"46":2,"47":1,"48":2,"49":2,"50":2,"51":1,"52":1,"53":3,"54":1,"55":1,"56":1},"b":{"1":[2,1],"2":[3,1],"3":[2,1],"4":[1,1],"5":[1,1]},"f":{"1":3,"2":3,"3":2,"4":2,"5":2,"6":1,"7":4,"8":4,"9":1,"10":3,"11":3,"12":2,"13":1,"14":1,"15":1,"16":2,"17":2,"18":2,"19":1,"20":3,"21":1},"fnMap":{"1":{"name":"createAccount","line":11,"loc":{"start":{"line":11,"column":31},"end":{"line":11,"column":70}}},"2":{"name":"(anonymous_2)","line":18,"loc":{"start":{"line":18,"column":10},"end":{"line":18,"column":28}}},"3":{"name":"(anonymous_3)","line":26,"loc":{"start":{"line":26,"column":12},"end":{"line":26,"column":29}}},"4":{"name":"(anonymous_4)","line":30,"loc":{"start":{"line":30,"column":12},"end":{"line":30,"column":22}}},"5":{"name":"(anonymous_5)","line":36,"loc":{"start":{"line":36,"column":12},"end":{"line":36,"column":33}}},"6":{"name":"(anonymous_6)","line":38,"loc":{"start":{"line":38,"column":13},"end":{"line":38,"column":26}}},"7":{"name":"getAccount","line":43,"loc":{"start":{"line":43,"column":28},"end":{"line":43,"column":64}}},"8":{"name":"(anonymous_8)","line":49,"loc":{"start":{"line":49,"column":10},"end":{"line":49,"column":27}}},"9":{"name":"(anonymous_9)","line":54,"loc":{"start":{"line":54,"column":13},"end":{"line":54,"column":26}}},"10":{"name":"createTransfer","line":65,"loc":{"start":{"line":65,"column":32},"end":{"line":65,"column":72}}},"11":{"name":"(anonymous_11)","line":74,"loc":{"start":{"line":74,"column":10},"end":{"line":74,"column":27}}},"12":{"name":"(anonymous_12)","line":80,"loc":{"start":{"line":80,"column":12},"end":{"line":80,"column":29}}},"13":{"name":"(anonymous_13)","line":90,"loc":{"start":{"line":90,"column":12},"end":{"line":90,"column":27}}},"14":{"name":"(anonymous_14)","line":95,"loc":{"start":{"line":95,"column":12},"end":{"line":95,"column":22}}},"15":{"name":"(anonymous_15)","line":98,"loc":{"start":{"line":98,"column":12},"end":{"line":98,"column":22}}},"16":{"name":"(anonymous_16)","line":100,"loc":{"start":{"line":100,"column":13},"end":{"line":100,"column":26}}},"17":{"name":"getAccountHistory","line":107,"loc":{"start":{"line":107,"column":35},"end":{"line":107,"column":78}}},"18":{"name":"(anonymous_18)","line":113,"loc":{"start":{"line":113,"column":10},"end":{"line":113,"column":27}}},"19":{"name":"(anonymous_19)","line":117,"loc":{"start":{"line":117,"column":18},"end":{"line":117,"column":40}}},"20":{"name":"(anonymous_20)","line":118,"loc":{"start":{"line":118,"column":46},"end":{"line":118,"column":60}}},"21":{"name":"(anonymous_21)","line":125,"loc":{"start":{"line":125,"column":13},"end":{"line":125,"column":26}}}},"statementMap":{"1":{"start":{"line":3,"column":0},"end":{"line":3,"column":39}},"2":{"start":{"line":4,"column":0},"end":{"line":4,"column":39}},"3":{"start":{"line":6,"column":0},"end":{"line":6,"column":57}},"4":{"start":{"line":7,"column":0},"end":{"line":7,"column":59}},"5":{"start":{"line":8,"column":0},"end":{"line":8,"column":66}},"6":{"start":{"line":11,"column":0},"end":{"line":41,"column":2}},"7":{"start":{"line":13,"column":4},"end":{"line":13,"column":47}},"8":{"start":{"line":14,"column":4},"end":{"line":14,"column":19}},"9":{"start":{"line":16,"column":4},"end":{"line":40,"column":7}},"10":{"start":{"line":19,"column":8},"end":{"line":24,"column":9}},"11":{"start":{"line":20,"column":12},"end":{"line":23,"column":15}},"12":{"start":{"line":25,"column":8},"end":{"line":25,"column":57}},"13":{"start":{"line":27,"column":8},"end":{"line":27,"column":29}},"14":{"start":{"line":28,"column":8},"end":{"line":28,"column":43}},"15":{"start":{"line":29,"column":8},"end":{"line":29,"column":33}},"16":{"start":{"line":31,"column":8},"end":{"line":35,"column":11}},"17":{"start":{"line":37,"column":8},"end":{"line":37,"column":40}},"18":{"start":{"line":39,"column":8},"end":{"line":39,"column":41}},"19":{"start":{"line":43,"column":0},"end":{"line":57,"column":2}},"20":{"start":{"line":45,"column":4},"end":{"line":45,"column":48}},"21":{"start":{"line":47,"column":4},"end":{"line":56,"column":7}},"22":{"start":{"line":50,"column":8},"end":{"line":52,"column":9}},"23":{"start":{"line":51,"column":12},"end":{"line":51,"column":48}},"24":{"start":{"line":53,"column":8},"end":{"line":53,"column":56}},"25":{"start":{"line":55,"column":8},"end":{"line":55,"column":41}},"26":{"start":{"line":65,"column":0},"end":{"line":105,"column":2}},"27":{"start":{"line":67,"column":4},"end":{"line":67,"column":47}},"28":{"start":{"line":69,"column":4},"end":{"line":69,"column":42}},"29":{"start":{"line":70,"column":4},"end":{"line":70,"column":20}},"30":{"start":{"line":72,"column":4},"end":{"line":102,"column":7}},"31":{"start":{"line":75,"column":8},"end":{"line":78,"column":9}},"32":{"start":{"line":76,"column":12},"end":{"line":76,"column":36}},"33":{"start":{"line":77,"column":12},"end":{"line":77,"column":74}},"34":{"start":{"line":79,"column":8},"end":{"line":79,"column":63}},"35":{"start":{"line":81,"column":8},"end":{"line":88,"column":9}},"36":{"start":{"line":82,"column":12},"end":{"line":82,"column":41}},"37":{"start":{"line":83,"column":12},"end":{"line":87,"column":15}},"38":{"start":{"line":89,"column":8},"end":{"line":89,"column":68}},"39":{"start":{"line":91,"column":8},"end":{"line":91,"column":27}},"40":{"start":{"line":92,"column":8},"end":{"line":92,"column":28}},"41":{"start":{"line":93,"column":8},"end":{"line":93,"column":46}},"42":{"start":{"line":94,"column":8},"end":{"line":94,"column":36}},"43":{"start":{"line":96,"column":8},"end":{"line":96,"column":51}},"44":{"start":{"line":97,"column":8},"end":{"line":97,"column":41}},"45":{"start":{"line":99,"column":8},"end":{"line":99,"column":41}},"46":{"start":{"line":101,"column":8},"end":{"line":101,"column":41}},"47":{"start":{"line":107,"column":0},"end":{"line":128,"column":2}},"48":{"start":{"line":109,"column":4},"end":{"line":109,"column":48}},"49":{"start":{"line":111,"column":4},"end":{"line":127,"column":7}},"50":{"start":{"line":114,"column":8},"end":{"line":123,"column":9}},"51":{"start":{"line":115,"column":12},"end":{"line":122,"column":14}},"52":{"start":{"line":118,"column":16},"end":{"line":120,"column":18}},"53":{"start":{"line":119,"column":20},"end":{"line":119,"column":43}},"54":{"start":{"line":121,"column":16},"end":{"line":121,"column":33}},"55":{"start":{"line":124,"column":8},"end":{"line":124,"column":56}},"56":{"start":{"line":126,"column":8},"end":{"line":126,"column":41}}},"branchMap":{"1":{"line":19,"type":"if","locations":[{"start":{"line":19,"column":8},"end":{"line":19,"column":8}},{"start":{"line":19,"column":8},"end":{"line":19,"column":8}}]},"2":{"line":50,"type":"if","locations":[{"start":{"line":50,"column":8},"end":{"line":50,"column":8}},{"start":{"line":50,"column":8},"end":{"line":50,"column":8}}]},"3":{"line":75,"type":"if","locations":[{"start":{"line":75,"column":8},"end":{"line":75,"column":8}},{"start":{"line":75,"column":8},"end":{"line":75,"column":8}}]},"4":{"line":81,"type":"if","locations":[{"start":{"line":81,"column":8},"end":{"line":81,"column":8}},{"start":{"line":81,"column":8},"end":{"line":81,"column":8}}]},"5":{"line":114,"type":"if","locations":[{"start":{"line":114,"column":8},"end":{"line":114,"column":8}},{"start":{"line":114,"column":8},"end":{"line":114,"column":8}}]}}},"/Users/mickey/git/example_api/controllers/errors.js":{"path":"/Users/mickey/git/example_api/controllers/errors.js","s":{"1":1,"2":1,"3":6,"4":0,"5":6,"6":6,"7":6,"8":1,"9":6,"10":6,"11":6},"b":{"1":[0,6],"2":[6,6],"3":[6,0],"4":[6,0]},"f":{"1":6,"2":6},"fnMap":{"1":{"name":"(anonymous_1)","line":5,"loc":{"start":{"line":5,"column":27},"end":{"line":5,"column":46}}},"2":{"name":"(anonymous_2)","line":17,"loc":{"start":{"line":17,"column":31},"end":{"line":17,"column":45}}}},"statementMap":{"1":{"start":{"line":3,"column":0},"end":{"line":3,"column":39}},"2":{"start":{"line":5,"column":0},"end":{"line":15,"column":2}},"3":{"start":{"line":6,"column":4},"end":{"line":10,"column":5}},"4":{"start":{"line":7,"column":8},"end":{"line":7,"column":26}},"5":{"start":{"line":9,"column":8},"end":{"line":9,"column":24}},"6":{"start":{"line":11,"column":4},"end":{"line":11,"column":32}},"7":{"start":{"line":12,"column":4},"end":{"line":14,"column":6}},"8":{"start":{"line":17,"column":0},"end":{"line":21,"column":2}},"9":{"start":{"line":18,"column":4},"end":{"line":18,"column":29}},"10":{"start":{"line":19,"column":4},"end":{"line":19,"column":19}},"11":{"start":{"line":20,"column":4},"end":{"line":20,"column":14}}},"branchMap":{"1":{"line":6,"type":"if","locations":[{"start":{"line":6,"column":4},"end":{"line":6,"column":4}},{"start":{"line":6,"column":4},"end":{"line":6,"column":4}}]},"2":{"line":6,"type":"binary-expr","locations":[{"start":{"line":6,"column":8},"end":{"line":6,"column":17}},{"start":{"line":6,"column":21},"end":{"line":6,"column":36}}]},"3":{"line":11,"type":"binary-expr","locations":[{"start":{"line":11,"column":15},"end":{"line":11,"column":23}},{"start":{"line":11,"column":27},"end":{"line":11,"column":30}}]},"4":{"line":13,"type":"binary-expr","locations":[{"start":{"line":13,"column":17},"end":{"line":13,"column":28}},{"start":{"line":13,"column":32},"end":{"line":13,"column":46}}]}}},"/Users/mickey/git/example_api/controllers/customer.js":{"path":"/Users/mickey/git/example_api/controllers/customer.js","s":{"1":1,"2":1,"3":1,"4":1,"5":1,"6":1,"7":1,"8":1,"9":0,"10":1,"11":3,"12":3,"13":3,"14":2,"15":2,"16":2,"17":4,"18":2,"19":1,"20":1},"b":{"1":[2,1]},"f":{"1":1,"2":1,"3":0,"4":3,"5":3,"6":2,"7":4,"8":1},"fnMap":{"1":{"name":"createCustomer","line":10,"loc":{"start":{"line":10,"column":32},"end":{"line":10,"column":73}}},"2":{"name":"(anonymous_2)","line":16,"loc":{"start":{"line":16,"column":12},"end":{"line":16,"column":30}}},"3":{"name":"(anonymous_3)","line":18,"loc":{"start":{"line":18,"column":13},"end":{"line":18,"column":26}}},"4":{"name":"getCustomer","line":23,"loc":{"start":{"line":23,"column":29},"end":{"line":23,"column":67}}},"5":{"name":"(anonymous_5)","line":28,"loc":{"start":{"line":28,"column":10},"end":{"line":28,"column":28}}},"6":{"name":"(anonymous_6)","line":32,"loc":{"start":{"line":32,"column":18},"end":{"line":32,"column":36}}},"7":{"name":"(anonymous_7)","line":34,"loc":{"start":{"line":34,"column":47},"end":{"line":34,"column":61}}},"8":{"name":"(anonymous_8)","line":41,"loc":{"start":{"line":41,"column":13},"end":{"line":41,"column":26}}}},"statementMap":{"1":{"start":{"line":3,"column":0},"end":{"line":3,"column":39}},"2":{"start":{"line":4,"column":0},"end":{"line":4,"column":39}},"3":{"start":{"line":6,"column":0},"end":{"line":6,"column":59}},"4":{"start":{"line":7,"column":0},"end":{"line":7,"column":58}},"5":{"start":{"line":10,"column":0},"end":{"line":21,"column":2}},"6":{"start":{"line":12,"column":4},"end":{"line":12,"column":50}},"7":{"start":{"line":14,"column":4},"end":{"line":20,"column":7}},"8":{"start":{"line":17,"column":8},"end":{"line":17,"column":38}},"9":{"start":{"line":19,"column":8},"end":{"line":19,"column":41}},"10":{"start":{"line":23,"column":0},"end":{"line":44,"column":2}},"11":{"start":{"line":25,"column":4},"end":{"line":25,"column":49}},"12":{"start":{"line":27,"column":4},"end":{"line":43,"column":7}},"13":{"start":{"line":29,"column":8},"end":{"line":39,"column":9}},"14":{"start":{"line":30,"column":12},"end":{"line":38,"column":14}},"15":{"start":{"line":33,"column":16},"end":{"line":33,"column":49}},"16":{"start":{"line":34,"column":16},"end":{"line":36,"column":18}},"17":{"start":{"line":35,"column":20},"end":{"line":35,"column":43}},"18":{"start":{"line":37,"column":16},"end":{"line":37,"column":33}},"19":{"start":{"line":40,"column":8},"end":{"line":40,"column":57}},"20":{"start":{"line":42,"column":8},"end":{"line":42,"column":41}}},"branchMap":{"1":{"line":29,"type":"if","locations":[{"start":{"line":29,"column":8},"end":{"line":29,"column":8}},{"start":{"line":29,"column":8},"end":{"line":29,"column":8}}]}}},"/Users/mickey/git/example_api/controllers/debug.js":{"path":"/Users/mickey/git/example_api/controllers/debug.js","s":{"1":1,"2":1,"3":1,"4":1},"b":{},"f":{"1":1},"fnMap":{"1":{"name":"stats","line":5,"loc":{"start":{"line":5,"column":23},"end":{"line":5,"column":49}}}},"statementMap":{"1":{"start":{"line":3,"column":0},"end":{"line":3,"column":39}},"2":{"start":{"line":5,"column":0},"end":{"line":13,"column":2}},"3":{"start":{"line":6,"column":4},"end":{"line":10,"column":6}},"4":{"start":{"line":12,"column":4},"end":{"line":12,"column":19}}},"branchMap":{}}}