TN:
SF:/Users/mickey/git/example_api/models/account_memory.js
FN:27,(anonymous_1)
FN:45,(anonymous_2)
FN:47,(anonymous_3)
FN:52,(anonymous_4)
FN:61,(anonymous_5)
FNF:5
FNH:5
FNDA:6,(anonymous_1)
FNDA:4,(anonymous_2)
FNDA:6,(anonymous_3)
FNDA:14,(anonymous_4)
FNDA:6,(anonymous_5)
DA:1,1
DA:2,1
DA:3,1
DA:5,1
DA:6,1
DA:7,1
DA:9,1
DA:10,1
DA:11,1
DA:25,1
DA:29,6
DA:30,4
DA:36,4
DA:37,4
DA:38,4
DA:41,2
DA:46,4
DA:47,4
DA:48,6
DA:53,14
DA:54,14
DA:55,14
DA:56,9
DA:58,14
DA:62,6
DA:79,1
LF:26
LH:26
BRDA:29,1,0,4
BRDA:29,1,1,2
BRDA:55,2,0,9
BRDA:55,2,1,5
BRDA:62,3,0,6
BRDA:62,3,1,6
BRDA:62,3,2,5
BRF:7
BRH:7
end_of_record
TN:
SF:/Users/mickey/git/example_api/libs/logger.js
FN:5,(anonymous_1)
FN:20,(anonymous_2)
FNF:2
FNH:2
FNDA:26,(anonymous_1)
FNDA:19,(anonymous_2)
DA:1,1
DA:3,1
DA:6,26
DA:13,1
DA:19,1
DA:21,19
DA:25,1
DA:27,1
LF:8
LH:8
BRF:0
BRH:0
end_of_record
TN:
SF:/Users/mickey/git/example_api/models/account.js
FN:22,Account
FN:29,(anonymous_2)
FN:30,(anonymous_3)
FN:36,(anonymous_4)
FN:39,(anonymous_5)
FN:45,(anonymous_6)
FN:47,(anonymous_7)
FN:50,(anonymous_8)
FN:56,(anonymous_9)
FN:62,(anonymous_10)
FNF:10
FNH:9
FNDA:19,Account
FNDA:4,(anonymous_2)
FNDA:4,(anonymous_3)
FNDA:4,(anonymous_4)
FNDA:22,(anonymous_5)
FNDA:76,(anonymous_6)
FNDA:22,(anonymous_7)
FNDA:4,(anonymous_8)
FNDA:11,(anonymous_9)
FNDA:0,(anonymous_10)
DA:1,1
DA:2,1
DA:4,1
DA:22,1
DA:24,19
DA:25,0
DA:29,19
DA:30,4
DA:31,4
DA:36,19
DA:37,4
DA:39,19
DA:40,22
DA:44,19
DA:45,19
DA:46,76
DA:48,22
DA:51,4
DA:56,19
DA:57,11
DA:58,11
DA:59,11
DA:62,19
DA:63,0
DA:64,0
DA:70,1
LF:26
LH:23
BRDA:24,1,0,0
BRDA:24,1,1,19
BRF:2
BRH:1
end_of_record
TN:
SF:/Users/mickey/git/example_api/libs/mem_wrapper.js
FN:1,(anonymous_1)
FN:2,(anonymous_2)
FNF:2
FNH:2
FNDA:46,(anonymous_1)
FNDA:4,(anonymous_2)
DA:1,1
DA:2,46
DA:3,4
DA:5,46
LF:4
LH:4
BRF:0
BRH:0
end_of_record
TN:
SF:/Users/mickey/git/example_api/models/customer_memory.js
FN:24,(anonymous_1)
FN:38,(anonymous_2)
FN:47,(anonymous_3)
FNF:3
FNH:3
FNDA:4,(anonymous_1)
FNDA:9,(anonymous_2)
FNDA:4,(anonymous_3)
DA:1,1
DA:2,1
DA:3,1
DA:5,1
DA:6,1
DA:8,1
DA:22,1
DA:26,4
DA:27,3
DA:31,3
DA:32,3
DA:35,1
DA:39,9
DA:40,9
DA:41,9
DA:42,6
DA:44,9
DA:48,4
DA:65,1
LF:19
LH:19
BRDA:26,1,0,3
BRDA:26,1,1,1
BRDA:41,2,0,6
BRDA:41,2,1,3
BRDA:48,3,0,4
BRDA:48,3,1,4
BRF:6
BRH:6
end_of_record
TN:
SF:/Users/mickey/git/example_api/models/customer.js
FN:22,Customer
FN:29,(anonymous_2)
FN:30,(anonymous_3)
FN:36,(anonymous_4)
FN:39,(anonymous_5)
FN:45,(anonymous_6)
FN:47,(anonymous_7)
FN:50,(anonymous_8)
FN:56,(anonymous_9)
FN:62,(anonymous_10)
FNF:10
FNH:9
FNDA:15,Customer
FNDA:1,(anonymous_2)
FNDA:1,(anonymous_3)
FNDA:6,(anonymous_4)
FNDA:17,(anonymous_5)
FNDA:28,(anonymous_6)
FNDA:15,(anonymous_7)
FNDA:2,(anonymous_8)
FNDA:4,(anonymous_9)
FNDA:0,(anonymous_10)
DA:1,1
DA:2,1
DA:4,1
DA:22,1
DA:24,15
DA:25,1
DA:29,14
DA:30,1
DA:31,1
DA:36,14
DA:37,6
DA:39,14
DA:40,17
DA:44,14
DA:45,14
DA:46,28
DA:48,15
DA:51,2
DA:56,14
DA:57,4
DA:58,4
DA:59,4
DA:62,14
DA:63,0
DA:64,0
DA:70,1
LF:26
LH:24
BRDA:24,1,0,1
BRDA:24,1,1,14
BRF:2
BRH:2
end_of_record
TN:
SF:/Users/mickey/git/example_api/index.js
FN:20,(anonymous_1)
FN:23,(anonymous_2)
FN:41,(anonymous_3)
FN:66,(anonymous_4)
FN:91,(anonymous_5)
FNF:5
FNH:4
FNDA:1,(anonymous_1)
FNDA:1,(anonymous_2)
FNDA:18,(anonymous_3)
FNDA:2,(anonymous_4)
FNDA:0,(anonymous_5)
DA:3,1
DA:4,1
DA:5,1
DA:6,1
DA:7,1
DA:9,1
DA:12,1
DA:14,1
DA:15,1
DA:17,1
DA:18,1
DA:20,1
DA:23,1
DA:26,1
DA:29,1
DA:30,1
DA:33,1
DA:36,1
DA:39,1
DA:42,18
DA:48,1
DA:53,1
DA:58,1
DA:59,1
DA:66,1
DA:69,2
DA:70,2
DA:71,2
DA:77,0
DA:78,0
DA:86,1
DA:90,1
DA:91,0
DA:92,0
DA:93,0
DA:94,0
DA:95,0
DA:99,1
LF:38
LH:31
BRDA:12,1,0,1
BRDA:12,1,1,1
BRDA:29,2,0,1
BRDA:29,2,1,0
BRDA:58,3,0,1
BRDA:58,3,1,0
BRDA:69,4,0,2
BRDA:69,4,1,0
BRDA:73,5,0,0
BRDA:73,5,1,2
BRDA:77,6,0,0
BRDA:77,6,1,0
BRDA:77,6,2,0
BRDA:80,7,0,0
BRDA:80,7,1,0
BRDA:90,8,0,0
BRDA:90,8,1,1
BRDA:92,9,0,0
BRDA:92,9,1,0
BRF:19
BRH:7
end_of_record
TN:
SF:/Users/mickey/git/example_api/models/transaction_memory.js
FN:24,(anonymous_1)
FN:40,(anonymous_2)
FN:41,(anonymous_3)
FN:44,(anonymous_4)
FN:49,(anonymous_5)
FN:51,(anonymous_6)
FN:56,(anonymous_7)
FN:58,(anonymous_8)
FN:63,(anonymous_9)
FNF:9
FNH:9
FNDA:8,(anonymous_1)
FNDA:5,(anonymous_2)
FNDA:46,(anonymous_3)
FNDA:11,(anonymous_4)
FNDA:1,(anonymous_5)
FNDA:1,(anonymous_6)
FNDA:1,(anonymous_7)
FNDA:1,(anonymous_8)
FNDA:8,(anonymous_9)
DA:1,1
DA:2,1
DA:3,1
DA:5,1
DA:6,1
DA:8,1
DA:22,1
DA:26,8
DA:27,5
DA:33,5
DA:34,5
DA:37,3
DA:41,5
DA:42,46
DA:44,5
DA:45,11
DA:50,1
DA:51,1
DA:52,1
DA:57,1
DA:58,1
DA:59,1
DA:64,8
DA:81,1
LF:24
LH:24
BRDA:26,1,0,5
BRDA:26,1,1,3
BRDA:42,2,0,46
BRDA:42,2,1,40
BRDA:64,3,0,8
BRDA:64,3,1,8
BRDA:64,3,2,7
BRDA:64,3,3,6
BRDA:64,3,4,2
BRF:9
BRH:9
end_of_record
TN:
SF:/Users/mickey/git/example_api/models/transaction.js
FN:22,Transaction
FN:29,(anonymous_2)
FN:30,(anonymous_3)
FN:36,(anonymous_4)
FN:39,(anonymous_5)
FN:45,(anonymous_6)
FN:47,(anonymous_7)
FN:50,(anonymous_8)
FN:56,(anonymous_9)
FN:62,(anonymous_10)
FNF:10
FNH:9
FNDA:24,Transaction
FNDA:1,(anonymous_2)
FNDA:1,(anonymous_3)
FNDA:10,(anonymous_4)
FNDA:29,(anonymous_5)
FNDA:92,(anonymous_6)
FNDA:27,(anonymous_7)
FNDA:4,(anonymous_8)
FNDA:9,(anonymous_9)
FNDA:0,(anonymous_10)
DA:1,1
DA:2,1
DA:4,1
DA:22,1
DA:24,24
DA:25,1
DA:29,23
DA:30,1
DA:31,1
DA:36,23
DA:37,10
DA:39,23
DA:40,29
DA:44,23
DA:45,23
DA:46,92
DA:48,27
DA:51,4
DA:56,23
DA:57,9
DA:58,9
DA:59,9
DA:62,23
DA:63,0
DA:64,0
DA:70,1
LF:26
LH:24
BRDA:24,1,0,1
BRDA:24,1,1,23
BRF:2
BRH:2
end_of_record
TN:
SF:/Users/mickey/git/example_api/controllers/account.js
FN:11,createAccount
FN:18,(anonymous_2)
FN:26,(anonymous_3)
FN:30,(anonymous_4)
FN:36,(anonymous_5)
FN:38,(anonymous_6)
FN:43,getAccount
FN:49,(anonymous_8)
FN:54,(anonymous_9)
FN:65,createTransfer
FN:74,(anonymous_11)
FN:80,(anonymous_12)
FN:90,(anonymous_13)
FN:95,(anonymous_14)
FN:98,(anonymous_15)
FN:100,(anonymous_16)
FN:107,getAccountHistory
FN:113,(anonymous_18)
FN:117,(anonymous_19)
FN:118,(anonymous_20)
FN:125,(anonymous_21)
FNF:21
FNH:21
FNDA:3,createAccount
FNDA:3,(anonymous_2)
FNDA:2,(anonymous_3)
FNDA:2,(anonymous_4)
FNDA:2,(anonymous_5)
FNDA:1,(anonymous_6)
FNDA:4,getAccount
FNDA:4,(anonymous_8)
FNDA:1,(anonymous_9)
FNDA:3,createTransfer
FNDA:3,(anonymous_11)
FNDA:2,(anonymous_12)
FNDA:1,(anonymous_13)
FNDA:1,(anonymous_14)
FNDA:1,(anonymous_15)
FNDA:2,(anonymous_16)
FNDA:2,getAccountHistory
FNDA:2,(anonymous_18)
FNDA:1,(anonymous_19)
FNDA:3,(anonymous_20)
FNDA:1,(anonymous_21)
DA:3,1
DA:4,1
DA:6,1
DA:7,1
DA:8,1
DA:11,1
DA:13,3
DA:14,3
DA:16,3
DA:19,3
DA:20,2
DA:25,1
DA:27,2
DA:28,2
DA:29,2
DA:31,2
DA:37,2
DA:39,1
DA:43,1
DA:45,4
DA:47,4
DA:50,4
DA:51,3
DA:53,1
DA:55,1
DA:65,1
DA:67,3
DA:69,3
DA:70,3
DA:72,3
DA:75,3
DA:76,2
DA:77,2
DA:79,1
DA:81,2
DA:82,1
DA:83,1
DA:89,1
DA:91,1
DA:92,1
DA:93,1
DA:94,1
DA:96,1
DA:97,1
DA:99,1
DA:101,2
DA:107,1
DA:109,2
DA:111,2
DA:114,2
DA:115,1
DA:118,1
DA:119,3
DA:121,1
DA:124,1
DA:126,1
LF:56
LH:56
BRDA:19,1,0,2
BRDA:19,1,1,1
BRDA:50,2,0,3
BRDA:50,2,1,1
BRDA:75,3,0,2
BRDA:75,3,1,1
BRDA:81,4,0,1
BRDA:81,4,1,1
BRDA:114,5,0,1
BRDA:114,5,1,1
BRF:10
BRH:10
end_of_record
TN:
SF:/Users/mickey/git/example_api/controllers/errors.js
FN:5,(anonymous_1)
FN:17,(anonymous_2)
FNF:2
FNH:2
FNDA:6,(anonymous_1)
FNDA:6,(anonymous_2)
DA:3,1
DA:5,1
DA:6,6
DA:7,0
DA:9,6
DA:11,6
DA:12,6
DA:17,1
DA:18,6
DA:19,6
DA:20,6
LF:11
LH:10
BRDA:6,1,0,0
BRDA:6,1,1,6
BRDA:6,2,0,6
BRDA:6,2,1,6
BRDA:11,3,0,6
BRDA:11,3,1,0
BRDA:13,4,0,6
BRDA:13,4,1,0
BRF:8
BRH:5
end_of_record
TN:
SF:/Users/mickey/git/example_api/controllers/customer.js
FN:10,createCustomer
FN:16,(anonymous_2)
FN:18,(anonymous_3)
FN:23,getCustomer
FN:28,(anonymous_5)
FN:32,(anonymous_6)
FN:34,(anonymous_7)
FN:41,(anonymous_8)
FNF:8
FNH:7
FNDA:1,createCustomer
FNDA:1,(anonymous_2)
FNDA:0,(anonymous_3)
FNDA:3,getCustomer
FNDA:3,(anonymous_5)
FNDA:2,(anonymous_6)
FNDA:4,(anonymous_7)
FNDA:1,(anonymous_8)
DA:3,1
DA:4,1
DA:6,1
DA:7,1
DA:10,1
DA:12,1
DA:14,1
DA:17,1
DA:19,0
DA:23,1
DA:25,3
DA:27,3
DA:29,3
DA:30,2
DA:33,2
DA:34,2
DA:35,4
DA:37,2
DA:40,1
DA:42,1
LF:20
LH:19
BRDA:29,1,0,2
BRDA:29,1,1,1
BRF:2
BRH:2
end_of_record
TN:
SF:/Users/mickey/git/example_api/controllers/debug.js
FN:5,stats
FNF:1
FNH:1
FNDA:1,stats
DA:3,1
DA:5,1
DA:6,1
DA:12,1
LF:4
LH:4
BRF:0
BRH:0
end_of_record
